<?xml version="1.0" encoding="UTF-8"?>
<!-- Generated by org.testng.reporters.JUnitReportReporter -->
<testsuite hostname="DESKTOP-FPPF7NQ" failures="0" tests="1" name="streamproject.demo" time="0.015" errors="0" timestamp="2021-06-28T18:59:51 IST" skipped="0">
  <testcase classname="streamproject.demo" name="test1" time="0.015"/>
  <system-out/>
</testsuite> <!-- streamproject.demo -->
