<?xml version="1.0" encoding="UTF-8"?>
<!-- Generated by org.testng.reporters.JUnitReportReporter -->
<testsuite hostname="DESKTOP-FPPF7NQ" failures="0" tests="1" name="streamproject.Stream1" time="0.018" errors="0" timestamp="2021-06-25T10:59:32 IST" skipped="0">
  <testcase classname="streamproject.Stream1" name="Streamcollect" time="0.018"/>
  <system-out/>
</testsuite> <!-- streamproject.Stream1 -->
